android/app/build/intermediates/manifest_merge_blame_file/debug/manifest-merger-blame-debug-report.txt
1<?xml version="1.0" encoding="utf-8"?>
2<manifest xmlns:android="http://schemas.android.com/apk/res/android"
3    package="com.carpool"
4    android:versionCode="1"
5    android:versionName="1.0" >
6
7    <uses-sdk
8        android:minSdkVersion="21"
9        android:targetSdkVersion="30" />
10
11    <uses-permission android:name="android.permission.SYSTEM_ALERT_WINDOW" />
11-->src\debug\AndroidManifest.xml:5:5-77
11-->src\debug\AndroidManifest.xml:5:22-75
12    <uses-permission android:name="android.permission.INTERNET" />
12-->src\main\AndroidManifest.xml:4:5-67
12-->src\main\AndroidManifest.xml:4:22-64
13    <uses-permission android:name="android.permission.ACCESS_WIFI_STATE" />
13-->[com.facebook.flipper:flipper:0.99.0] AndroidManifest.xml:16:5-76
13-->[com.facebook.flipper:flipper:0.99.0] AndroidManifest.xml:16:22-73
14    <uses-permission android:name="android.permission.ACCESS_COARSE_LOCATION" />
14-->[:react-native-maps] AndroidManifest.xml:10:5-81
14-->[:react-native-maps] AndroidManifest.xml:10:22-78
15    <uses-permission android:name="android.permission.WAKE_LOCK" />
15-->[androidx.work:work-runtime:2.5.0] AndroidManifest.xml:25:5-68
15-->[androidx.work:work-runtime:2.5.0] AndroidManifest.xml:25:22-65
16    <uses-permission android:name="android.permission.ACCESS_NETWORK_STATE" />
16-->[androidx.work:work-runtime:2.5.0] AndroidManifest.xml:26:5-79
16-->[androidx.work:work-runtime:2.5.0] AndroidManifest.xml:26:22-76
17    <uses-permission android:name="android.permission.RECEIVE_BOOT_COMPLETED" />
17-->[androidx.work:work-runtime:2.5.0] AndroidManifest.xml:27:5-81
17-->[androidx.work:work-runtime:2.5.0] AndroidManifest.xml:27:22-78
18    <uses-permission android:name="android.permission.FOREGROUND_SERVICE" />
18-->[androidx.work:work-runtime:2.5.0] AndroidManifest.xml:28:5-77
18-->[androidx.work:work-runtime:2.5.0] AndroidManifest.xml:28:22-74
19
20    <uses-feature
20-->[com.google.android.gms:play-services-maps:17.0.0] AndroidManifest.xml:26:5-28:35
21        android:glEsVersion="0x00020000"
21-->[com.google.android.gms:play-services-maps:17.0.0] AndroidManifest.xml:27:9-41
22        android:required="true" />
22-->[com.google.android.gms:play-services-maps:17.0.0] AndroidManifest.xml:28:9-32
23
24    <application
24-->src\main\AndroidManifest.xml:6:5-28:19
25        android:name="com.carpool.MainApplication"
25-->src\main\AndroidManifest.xml:7:7-38
26        android:allowBackup="false"
26-->src\main\AndroidManifest.xml:11:7-34
27        android:appComponentFactory="androidx.core.app.CoreComponentFactory"
27-->[androidx.core:core:1.6.0] AndroidManifest.xml:24:18-86
28        android:debuggable="true"
29        android:icon="@mipmap/ic_launcher"
29-->src\main\AndroidManifest.xml:9:7-41
30        android:label="@string/app_name"
30-->src\main\AndroidManifest.xml:8:7-39
31        android:roundIcon="@mipmap/ic_launcher_round"
31-->src\main\AndroidManifest.xml:10:7-52
32        android:theme="@style/AppTheme"
32-->src\main\AndroidManifest.xml:12:7-38
33        android:usesCleartextTraffic="true" >
33-->src\debug\AndroidManifest.xml:8:9-44
34        <activity android:name="com.facebook.react.devsupport.DevSettingsActivity" />
34-->src\debug\AndroidManifest.xml:11:9-86
34-->src\debug\AndroidManifest.xml:11:19-83
35        <activity
35-->src\main\AndroidManifest.xml:14:7-24:18
36            android:name="com.carpool.MainActivity"
36-->src\main\AndroidManifest.xml:15:9-37
37            android:configChanges="keyboard|keyboardHidden|orientation|screenSize|uiMode"
37-->src\main\AndroidManifest.xml:17:9-86
38            android:label="@string/app_name"
38-->src\main\AndroidManifest.xml:16:9-41
39            android:launchMode="singleTask"
39-->src\main\AndroidManifest.xml:18:9-40
40            android:windowSoftInputMode="adjustResize" >
40-->src\main\AndroidManifest.xml:19:9-51
41            <intent-filter>
41-->src\main\AndroidManifest.xml:20:9-23:25
42                <action android:name="android.intent.action.MAIN" />
42-->src\main\AndroidManifest.xml:21:13-65
42-->src\main\AndroidManifest.xml:21:21-62
43
44                <category android:name="android.intent.category.LAUNCHER" />
44-->src\main\AndroidManifest.xml:22:13-73
44-->src\main\AndroidManifest.xml:22:23-70
45            </intent-filter>
46        </activity>
47
48        <meta-data
48-->src\main\AndroidManifest.xml:25:8-27:63
49            android:name="com.google.android.geo.API_KEY"
49-->src\main\AndroidManifest.xml:26:6-51
50            android:value="AIzaSyDcid1-ITUP4-osisEX3RCYoCekLDXBL5w" />
50-->src\main\AndroidManifest.xml:27:6-61
51
52        <provider
52-->[androidx.work:work-runtime:2.5.0] AndroidManifest.xml:31:9-37:35
53            android:name="androidx.work.impl.WorkManagerInitializer"
53-->[androidx.work:work-runtime:2.5.0] AndroidManifest.xml:32:13-69
54            android:authorities="com.carpool.workmanager-init"
54-->[androidx.work:work-runtime:2.5.0] AndroidManifest.xml:33:13-68
55            android:directBootAware="false"
55-->[androidx.work:work-runtime:2.5.0] AndroidManifest.xml:34:13-44
56            android:exported="false"
56-->[androidx.work:work-runtime:2.5.0] AndroidManifest.xml:35:13-37
57            android:multiprocess="true" />
57-->[androidx.work:work-runtime:2.5.0] AndroidManifest.xml:36:13-40
58
59        <service
59-->[androidx.work:work-runtime:2.5.0] AndroidManifest.xml:39:9-44:35
60            android:name="androidx.work.impl.background.systemalarm.SystemAlarmService"
60-->[androidx.work:work-runtime:2.5.0] AndroidManifest.xml:40:13-88
61            android:directBootAware="false"
61-->[androidx.work:work-runtime:2.5.0] AndroidManifest.xml:41:13-44
62            android:enabled="@bool/enable_system_alarm_service_default"
62-->[androidx.work:work-runtime:2.5.0] AndroidManifest.xml:42:13-72
63            android:exported="false" />
63-->[androidx.work:work-runtime:2.5.0] AndroidManifest.xml:43:13-37
64        <service
64-->[androidx.work:work-runtime:2.5.0] AndroidManifest.xml:45:9-51:35
65            android:name="androidx.work.impl.background.systemjob.SystemJobService"
65-->[androidx.work:work-runtime:2.5.0] AndroidManifest.xml:46:13-84
66            android:directBootAware="false"
66-->[androidx.work:work-runtime:2.5.0] AndroidManifest.xml:47:13-44
67            android:enabled="@bool/enable_system_job_service_default"
67-->[androidx.work:work-runtime:2.5.0] AndroidManifest.xml:48:13-70
68            android:exported="true"
68-->[androidx.work:work-runtime:2.5.0] AndroidManifest.xml:49:13-36
69            android:permission="android.permission.BIND_JOB_SERVICE" />
69-->[androidx.work:work-runtime:2.5.0] AndroidManifest.xml:50:13-69
70        <service
70-->[androidx.work:work-runtime:2.5.0] AndroidManifest.xml:52:9-57:35
71            android:name="androidx.work.impl.foreground.SystemForegroundService"
71-->[androidx.work:work-runtime:2.5.0] AndroidManifest.xml:53:13-81
72            android:directBootAware="false"
72-->[androidx.work:work-runtime:2.5.0] AndroidManifest.xml:54:13-44
73            android:enabled="@bool/enable_system_foreground_service_default"
73-->[androidx.work:work-runtime:2.5.0] AndroidManifest.xml:55:13-77
74            android:exported="false" />
74-->[androidx.work:work-runtime:2.5.0] AndroidManifest.xml:56:13-37
75
76        <receiver
76-->[androidx.work:work-runtime:2.5.0] AndroidManifest.xml:59:9-64:35
77            android:name="androidx.work.impl.utils.ForceStopRunnable$BroadcastReceiver"
77-->[androidx.work:work-runtime:2.5.0] AndroidManifest.xml:60:13-88
78            android:directBootAware="false"
78-->[androidx.work:work-runtime:2.5.0] AndroidManifest.xml:61:13-44
79            android:enabled="true"
79-->[androidx.work:work-runtime:2.5.0] AndroidManifest.xml:62:13-35
80            android:exported="false" />
80-->[androidx.work:work-runtime:2.5.0] AndroidManifest.xml:63:13-37
81        <receiver
81-->[androidx.work:work-runtime:2.5.0] AndroidManifest.xml:65:9-75:20
82            android:name="androidx.work.impl.background.systemalarm.ConstraintProxy$BatteryChargingProxy"
82-->[androidx.work:work-runtime:2.5.0] AndroidManifest.xml:66:13-106
83            android:directBootAware="false"
83-->[androidx.work:work-runtime:2.5.0] AndroidManifest.xml:67:13-44
84            android:enabled="false"
84-->[androidx.work:work-runtime:2.5.0] AndroidManifest.xml:68:13-36
85            android:exported="false" >
85-->[androidx.work:work-runtime:2.5.0] AndroidManifest.xml:69:13-37
86            <intent-filter>
86-->[androidx.work:work-runtime:2.5.0] AndroidManifest.xml:71:13-74:29
87                <action android:name="android.intent.action.ACTION_POWER_CONNECTED" />
87-->[androidx.work:work-runtime:2.5.0] AndroidManifest.xml:72:17-87
87-->[androidx.work:work-runtime:2.5.0] AndroidManifest.xml:72:25-84
88                <action android:name="android.intent.action.ACTION_POWER_DISCONNECTED" />
88-->[androidx.work:work-runtime:2.5.0] AndroidManifest.xml:73:17-90
88-->[androidx.work:work-runtime:2.5.0] AndroidManifest.xml:73:25-87
89            </intent-filter>
90        </receiver>
91        <receiver
91-->[androidx.work:work-runtime:2.5.0] AndroidManifest.xml:76:9-86:20
92            android:name="androidx.work.impl.background.systemalarm.ConstraintProxy$BatteryNotLowProxy"
92-->[androidx.work:work-runtime:2.5.0] AndroidManifest.xml:77:13-104
93            android:directBootAware="false"
93-->[androidx.work:work-runtime:2.5.0] AndroidManifest.xml:78:13-44
94            android:enabled="false"
94-->[androidx.work:work-runtime:2.5.0] AndroidManifest.xml:79:13-36
95            android:exported="false" >
95-->[androidx.work:work-runtime:2.5.0] AndroidManifest.xml:80:13-37
96            <intent-filter>
96-->[androidx.work:work-runtime:2.5.0] AndroidManifest.xml:82:13-85:29
97                <action android:name="android.intent.action.BATTERY_OKAY" />
97-->[androidx.work:work-runtime:2.5.0] AndroidManifest.xml:83:17-77
97-->[androidx.work:work-runtime:2.5.0] AndroidManifest.xml:83:25-74
98                <action android:name="android.intent.action.BATTERY_LOW" />
98-->[androidx.work:work-runtime:2.5.0] AndroidManifest.xml:84:17-76
98-->[androidx.work:work-runtime:2.5.0] AndroidManifest.xml:84:25-73
99            </intent-filter>
100        </receiver>
101        <receiver
101-->[androidx.work:work-runtime:2.5.0] AndroidManifest.xml:87:9-97:20
102            android:name="androidx.work.impl.background.systemalarm.ConstraintProxy$StorageNotLowProxy"
102-->[androidx.work:work-runtime:2.5.0] AndroidManifest.xml:88:13-104
103            android:directBootAware="false"
103-->[androidx.work:work-runtime:2.5.0] AndroidManifest.xml:89:13-44
104            android:enabled="false"
104-->[androidx.work:work-runtime:2.5.0] AndroidManifest.xml:90:13-36
105            android:exported="false" >
105-->[androidx.work:work-runtime:2.5.0] AndroidManifest.xml:91:13-37
106            <intent-filter>
106-->[androidx.work:work-runtime:2.5.0] AndroidManifest.xml:93:13-96:29
107                <action android:name="android.intent.action.DEVICE_STORAGE_LOW" />
107-->[androidx.work:work-runtime:2.5.0] AndroidManifest.xml:94:17-83
107-->[androidx.work:work-runtime:2.5.0] AndroidManifest.xml:94:25-80
108                <action android:name="android.intent.action.DEVICE_STORAGE_OK" />
108-->[androidx.work:work-runtime:2.5.0] AndroidManifest.xml:95:17-82
108-->[androidx.work:work-runtime:2.5.0] AndroidManifest.xml:95:25-79
109            </intent-filter>
110        </receiver>
111        <receiver
111-->[androidx.work:work-runtime:2.5.0] AndroidManifest.xml:98:9-107:20
112            android:name="androidx.work.impl.background.systemalarm.ConstraintProxy$NetworkStateProxy"
112-->[androidx.work:work-runtime:2.5.0] AndroidManifest.xml:99:13-103
113            android:directBootAware="false"
113-->[androidx.work:work-runtime:2.5.0] AndroidManifest.xml:100:13-44
114            android:enabled="false"
114-->[androidx.work:work-runtime:2.5.0] AndroidManifest.xml:101:13-36
115            android:exported="false" >
115-->[androidx.work:work-runtime:2.5.0] AndroidManifest.xml:102:13-37
116            <intent-filter>
116-->[androidx.work:work-runtime:2.5.0] AndroidManifest.xml:104:13-106:29
117                <action android:name="android.net.conn.CONNECTIVITY_CHANGE" />
117-->[androidx.work:work-runtime:2.5.0] AndroidManifest.xml:105:17-79
117-->[androidx.work:work-runtime:2.5.0] AndroidManifest.xml:105:25-76
118            </intent-filter>
119        </receiver>
120        <receiver
120-->[androidx.work:work-runtime:2.5.0] AndroidManifest.xml:108:9-119:20
121            android:name="androidx.work.impl.background.systemalarm.RescheduleReceiver"
121-->[androidx.work:work-runtime:2.5.0] AndroidManifest.xml:109:13-88
122            android:directBootAware="false"
122-->[androidx.work:work-runtime:2.5.0] AndroidManifest.xml:110:13-44
123            android:enabled="false"
123-->[androidx.work:work-runtime:2.5.0] AndroidManifest.xml:111:13-36
124            android:exported="false" >
124-->[androidx.work:work-runtime:2.5.0] AndroidManifest.xml:112:13-37
125            <intent-filter>
125-->[androidx.work:work-runtime:2.5.0] AndroidManifest.xml:114:13-118:29
126                <action android:name="android.intent.action.BOOT_COMPLETED" />
126-->[androidx.work:work-runtime:2.5.0] AndroidManifest.xml:115:17-79
126-->[androidx.work:work-runtime:2.5.0] AndroidManifest.xml:115:25-76
127                <action android:name="android.intent.action.TIME_SET" />
127-->[androidx.work:work-runtime:2.5.0] AndroidManifest.xml:116:17-73
127-->[androidx.work:work-runtime:2.5.0] AndroidManifest.xml:116:25-70
128                <action android:name="android.intent.action.TIMEZONE_CHANGED" />
128-->[androidx.work:work-runtime:2.5.0] AndroidManifest.xml:117:17-81
128-->[androidx.work:work-runtime:2.5.0] AndroidManifest.xml:117:25-78
129            </intent-filter>
130        </receiver>
131        <receiver
131-->[androidx.work:work-runtime:2.5.0] AndroidManifest.xml:120:9-129:20
132            android:name="androidx.work.impl.background.systemalarm.ConstraintProxyUpdateReceiver"
132-->[androidx.work:work-runtime:2.5.0] AndroidManifest.xml:121:13-99
133            android:directBootAware="false"
133-->[androidx.work:work-runtime:2.5.0] AndroidManifest.xml:122:13-44
134            android:enabled="@bool/enable_system_alarm_service_default"
134-->[androidx.work:work-runtime:2.5.0] AndroidManifest.xml:123:13-72
135            android:exported="false" >
135-->[androidx.work:work-runtime:2.5.0] AndroidManifest.xml:124:13-37
136            <intent-filter>
136-->[androidx.work:work-runtime:2.5.0] AndroidManifest.xml:126:13-128:29
137                <action android:name="androidx.work.impl.background.systemalarm.UpdateProxies" />
137-->[androidx.work:work-runtime:2.5.0] AndroidManifest.xml:127:17-98
137-->[androidx.work:work-runtime:2.5.0] AndroidManifest.xml:127:25-95
138            </intent-filter>
139        </receiver>
140        <receiver
140-->[androidx.work:work-runtime:2.5.0] AndroidManifest.xml:130:9-140:20
141            android:name="androidx.work.impl.diagnostics.DiagnosticsReceiver"
141-->[androidx.work:work-runtime:2.5.0] AndroidManifest.xml:131:13-78
142            android:directBootAware="false"
142-->[androidx.work:work-runtime:2.5.0] AndroidManifest.xml:132:13-44
143            android:enabled="true"
143-->[androidx.work:work-runtime:2.5.0] AndroidManifest.xml:133:13-35
144            android:exported="true"
144-->[androidx.work:work-runtime:2.5.0] AndroidManifest.xml:134:13-36
145            android:permission="android.permission.DUMP" >
145-->[androidx.work:work-runtime:2.5.0] AndroidManifest.xml:135:13-57
146            <intent-filter>
146-->[androidx.work:work-runtime:2.5.0] AndroidManifest.xml:137:13-139:29
147                <action android:name="androidx.work.diagnostics.REQUEST_DIAGNOSTICS" />
147-->[androidx.work:work-runtime:2.5.0] AndroidManifest.xml:138:17-88
147-->[androidx.work:work-runtime:2.5.0] AndroidManifest.xml:138:25-85
148            </intent-filter>
149        </receiver>
150
151        <service
151-->[androidx.room:room-runtime:2.2.5] AndroidManifest.xml:25:9-28:40
152            android:name="androidx.room.MultiInstanceInvalidationService"
152-->[androidx.room:room-runtime:2.2.5] AndroidManifest.xml:26:13-74
153            android:directBootAware="true"
153-->[androidx.room:room-runtime:2.2.5] AndroidManifest.xml:27:13-43
154            android:exported="false" /> <!-- Needs to be explicitly declared on P+ -->
154-->[androidx.room:room-runtime:2.2.5] AndroidManifest.xml:28:13-37
155        <uses-library
155-->[com.google.android.gms:play-services-maps:17.0.0] AndroidManifest.xml:33:9-35:40
156            android:name="org.apache.http.legacy"
156-->[com.google.android.gms:play-services-maps:17.0.0] AndroidManifest.xml:34:13-50
157            android:required="false" />
157-->[com.google.android.gms:play-services-maps:17.0.0] AndroidManifest.xml:35:13-37
158
159        <activity
159-->[com.google.android.gms:play-services-base:17.0.0] AndroidManifest.xml:23:9-26:75
160            android:name="com.google.android.gms.common.api.GoogleApiActivity"
160-->[com.google.android.gms:play-services-base:17.0.0] AndroidManifest.xml:24:13-79
161            android:exported="false"
161-->[com.google.android.gms:play-services-base:17.0.0] AndroidManifest.xml:25:13-37
162            android:theme="@android:style/Theme.Translucent.NoTitleBar" />
162-->[com.google.android.gms:play-services-base:17.0.0] AndroidManifest.xml:26:13-72
163
164        <meta-data
164-->[com.google.android.gms:play-services-basement:17.0.0] AndroidManifest.xml:23:9-25:69
165            android:name="com.google.android.gms.version"
165-->[com.google.android.gms:play-services-basement:17.0.0] AndroidManifest.xml:24:13-58
166            android:value="@integer/google_play_services_version" />
166-->[com.google.android.gms:play-services-basement:17.0.0] AndroidManifest.xml:25:13-66
167    </application>
168
169</manifest>